[11:50:02] - INFO - *********************************************************
[11:50:02] - INFO - Iniciando carga de country_wise_latest con Spark.
[11:50:02] - INFO - El archivo nuevo tiene 187 registros.
[11:50:02] - INFO - Carga incial completada. Se cargaron 187 registros.
[11:50:02] - INFO - *********************************************************
[11:50:02] - INFO - Iniciando carga de covid_19_clean_complete con Spark.
[11:50:02] - INFO - El archivo nuevo tiene 49068 registros.
[11:50:02] - INFO - Carga incial completada. Se cargaron 49068 registros.
[11:50:02] - INFO - *********************************************************
[11:50:02] - INFO - Iniciando carga de day_wise con Spark.
[11:50:02] - INFO - El archivo nuevo tiene 188 registros.
[11:50:02] - INFO - Carga incial completada. Se cargaron 188 registros.
[11:50:02] - INFO - *********************************************************
[11:50:02] - INFO - Iniciando carga de full_grouped con Spark.
[11:50:02] - INFO - El archivo nuevo tiene 35156 registros.
[11:50:02] - INFO - Carga incial completada. Se cargaron 35156 registros.
[11:50:02] - INFO - *********************************************************
[11:50:02] - INFO - Iniciando carga de usa_county_wise con Spark.
[11:50:03] - INFO - El archivo nuevo tiene 627920 registros.
[11:50:04] - INFO - Carga incial completada. Se cargaron 627920 registros.
[11:50:04] - INFO - *********************************************************
[11:50:04] - INFO - Iniciando carga de worldometer_data con Spark.
[11:50:04] - INFO - El archivo nuevo tiene 209 registros.
[11:50:04] - INFO - Carga incial completada. Se cargaron 209 registros.
